<?xml version="1.0" encoding="UTF-8"?>
<testng-results skipped="0" failed="0" total="1" passed="1">
  <reporter-output>
  </reporter-output>
  <suite name="Amaresh_MVN.Test" duration-ms="14558" started-at="2018-01-23T10:46:14Z" finished-at="2018-01-23T10:46:28Z">
    <groups>
    </groups>
    <test name="Command line test" duration-ms="14558" started-at="2018-01-23T10:46:14Z" finished-at="2018-01-23T10:46:28Z">
      <class name="Amaresh_MVN.Test">
        <test-method status="PASS" signature="openApp()[pri:0, instance:Amaresh_MVN.Test@1be98f5]" name="openApp" duration-ms="14543" started-at="2018-01-23T16:16:14Z" finished-at="2018-01-23T16:16:28Z">
          <reporter-output>
          </reporter-output>
        </test-method> <!-- openApp -->
      </class> <!-- Amaresh_MVN.Test -->
    </test> <!-- Command line test -->
  </suite> <!-- Amaresh_MVN.Test -->
</testng-results>
