<?xml version="1.0" encoding="UTF-8"?>
<testng-results skipped="0" failed="0" total="1" passed="1">
  <reporter-output>
  </reporter-output>
  <suite name="Amaresh_MVN.Test" duration-ms="16041" started-at="2018-01-24T03:59:22Z" finished-at="2018-01-24T03:59:38Z">
    <groups>
    </groups>
    <test name="Command line test" duration-ms="16041" started-at="2018-01-24T03:59:22Z" finished-at="2018-01-24T03:59:38Z">
      <class name="Amaresh_MVN.Test">
        <test-method status="PASS" signature="openApp()[pri:0, instance:Amaresh_MVN.Test@1be98f5]" name="openApp" duration-ms="16024" started-at="2018-01-24T09:29:22Z" finished-at="2018-01-24T09:29:38Z">
          <reporter-output>
          </reporter-output>
        </test-method> <!-- openApp -->
      </class> <!-- Amaresh_MVN.Test -->
    </test> <!-- Command line test -->
  </suite> <!-- Amaresh_MVN.Test -->
</testng-results>
