<?xml version="1.0" encoding="UTF-8"?>
<testng-results skipped="0" failed="0" total="1" passed="1">
  <reporter-output>
  </reporter-output>
  <suite name="Default suite" duration-ms="28328" started-at="2018-01-24T03:56:41Z" finished-at="2018-01-24T03:57:09Z">
    <groups>
    </groups>
    <test name="Default test" duration-ms="28328" started-at="2018-01-24T03:56:41Z" finished-at="2018-01-24T03:57:09Z">
      <class name="Amaresh_MVN.Test">
        <test-method status="PASS" signature="openApp()[pri:0, instance:Amaresh_MVN.Test@f4468b]" name="openApp" duration-ms="28225" started-at="2018-01-24T09:26:41Z" finished-at="2018-01-24T09:27:09Z">
          <reporter-output>
          </reporter-output>
        </test-method> <!-- openApp -->
      </class> <!-- Amaresh_MVN.Test -->
    </test> <!-- Default test -->
  </suite> <!-- Default suite -->
</testng-results>
