<?xml version="1.0" encoding="UTF-8"?>
<testng-results skipped="0" failed="0" total="1" passed="1">
  <reporter-output>
  </reporter-output>
  <suite name="Default suite" duration-ms="30915" started-at="2018-01-23T10:44:35Z" finished-at="2018-01-23T10:45:06Z">
    <groups>
    </groups>
    <test name="Default test" duration-ms="30915" started-at="2018-01-23T10:44:35Z" finished-at="2018-01-23T10:45:06Z">
      <class name="Amaresh_MVN.Test">
        <test-method status="PASS" signature="openApp()[pri:0, instance:Amaresh_MVN.Test@82f6ef]" name="openApp" duration-ms="30842" started-at="2018-01-23T16:14:35Z" finished-at="2018-01-23T16:15:06Z">
          <reporter-output>
          </reporter-output>
        </test-method> <!-- openApp -->
      </class> <!-- Amaresh_MVN.Test -->
    </test> <!-- Default test -->
  </suite> <!-- Default suite -->
</testng-results>
